Detecting C compiler ABI info failed to compile with the following output:
Change Dir: /home/tackwin/Code/easybody/CMakeFiles/CMakeTmp

Run Build Command:"/usr/bin/make" "cmTC_96395/fast"
make: Warning: File 'Makefile' has modification time 0.68 s in the future
/usr/bin/make -f CMakeFiles/cmTC_96395.dir/build.make CMakeFiles/cmTC_96395.dir/build
make[1]: Entering directory '/mnt/c/Users/tackw/Code/easybody/CMakeFiles/CMakeTmp'
make[1]: Warning: File 'CMakeFiles/cmTC_96395.dir/flags.make' has modification time 0.62 s in the future
Building C object CMakeFiles/cmTC_96395.dir/CMakeCCompilerABI.c.o
/usr/bin/cc    -o CMakeFiles/cmTC_96395.dir/CMakeCCompilerABI.c.o   -c /usr/share/cmake-3.13/Modules/CMakeCCompilerABI.c
Linking C executable cmTC_96395
/usr/bin/cmake -E cmake_link_script CMakeFiles/cmTC_96395.dir/link.txt --verbose=1
/usr/bin/cc     -v -rdynamic CMakeFiles/cmTC_96395.dir/CMakeCCompilerABI.c.o  -o cmTC_96395 
Using built-in specs.
COLLECT_GCC=/usr/bin/cc
COLLECT_LTO_WRAPPER=/usr/lib/gcc/x86_64-linux-gnu/8/lto-wrapper
OFFLOAD_TARGET_NAMES=nvptx-none
OFFLOAD_TARGET_DEFAULT=1
Target: x86_64-linux-gnu
Configured with: ../src/configure -v --with-pkgversion='Debian 8.3.0-6' --with-bugurl=file:///usr/share/doc/gcc-8/README.Bugs --enable-languages=c,ada,c++,go,brig,d,fortran,objc,obj-c++ --prefix=/usr --with-gcc-major-version-only --program-suffix=-8 --program-prefix=x86_64-linux-gnu- --enable-shared --enable-linker-build-id --libexecdir=/usr/lib --without-included-gettext --enable-threads=posix --libdir=/usr/lib --enable-nls --enable-bootstrap --enable-clocale=gnu --enable-libstdcxx-debug --enable-libstdcxx-time=yes --with-default-libstdcxx-abi=new --enable-gnu-unique-object --disable-vtable-verify --enable-libmpx --enable-plugin --enable-default-pie --with-system-zlib --with-target-system-zlib --enable-objc-gc=auto --enable-multiarch --disable-werror --with-arch-32=i686 --with-abi=m64 --with-multilib-list=m32,m64,mx32 --enable-multilib --with-tune=generic --enable-offload-targets=nvptx-none --without-cuda-driver --enable-checking=release --build=x86_64-linux-gnu --host=x86_64-linux-gnu --target=x86_64-linux-gnu
Thread model: posix
gcc version 8.3.0 (Debian 8.3.0-6) 
COMPILER_PATH=/usr/lib/gcc/x86_64-linux-gnu/8/:/usr/lib/gcc/x86_64-linux-gnu/8/:/usr/lib/gcc/x86_64-linux-gnu/:/usr/lib/gcc/x86_64-linux-gnu/8/:/usr/lib/gcc/x86_64-linux-gnu/
LIBRARY_PATH=/usr/lib/gcc/x86_64-linux-gnu/8/:/usr/lib/gcc/x86_64-linux-gnu/8/../../../x86_64-linux-gnu/:/usr/lib/gcc/x86_64-linux-gnu/8/../../../../lib/:/lib/x86_64-linux-gnu/:/lib/../lib/:/usr/lib/x86_64-linux-gnu/:/usr/lib/../lib/:/usr/lib/gcc/x86_64-linux-gnu/8/../../../:/lib/:/usr/lib/
COLLECT_GCC_OPTIONS='-v' '-rdynamic' '-o' 'cmTC_96395' '-mtune=generic' '-march=x86-64'
 /usr/lib/gcc/x86_64-linux-gnu/8/collect2 -plugin /usr/lib/gcc/x86_64-linux-gnu/8/liblto_plugin.so -plugin-opt=/usr/lib/gcc/x86_64-linux-gnu/8/lto-wrapper -plugin-opt=-fresolution=/tmp/ccY7drkp.res -plugin-opt=-pass-through=-lgcc -plugin-opt=-pass-through=-lgcc_s -plugin-opt=-pass-through=-lc -plugin-opt=-pass-through=-lgcc -plugin-opt=-pass-through=-lgcc_s --build-id --eh-frame-hdr -m elf_x86_64 --hash-style=gnu -export-dynamic -dynamic-linker /lib64/ld-linux-x86-64.so.2 -pie -o cmTC_96395 /usr/lib/gcc/x86_64-linux-gnu/8/../../../x86_64-linux-gnu/Scrt1.o /usr/lib/gcc/x86_64-linux-gnu/8/../../../x86_64-linux-gnu/crti.o /usr/lib/gcc/x86_64-linux-gnu/8/crtbeginS.o -L/usr/lib/gcc/x86_64-linux-gnu/8 -L/usr/lib/gcc/x86_64-linux-gnu/8/../../../x86_64-linux-gnu -L/usr/lib/gcc/x86_64-linux-gnu/8/../../../../lib -L/lib/x86_64-linux-gnu -L/lib/../lib -L/usr/lib/x86_64-linux-gnu -L/usr/lib/../lib -L/usr/lib/gcc/x86_64-linux-gnu/8/../../.. CMakeFiles/cmTC_96395.dir/CMakeCCompilerABI.c.o -lgcc --push-state --as-needed -lgcc_s --pop-state -lc -lgcc --push-state --as-needed -lgcc_s --pop-state /usr/lib/gcc/x86_64-linux-gnu/8/crtendS.o /usr/lib/gcc/x86_64-linux-gnu/8/../../../x86_64-linux-gnu/crtn.o
COLLECT_GCC_OPTIONS='-v' '-rdynamic' '-o' 'cmTC_96395' '-mtune=generic' '-march=x86-64'
make[1]: warning:  Clock skew detected.  Your build may be incomplete.
make[1]: Leaving directory '/mnt/c/Users/tackw/Code/easybody/CMakeFiles/CMakeTmp'
make: warning:  Clock skew detected.  Your build may be incomplete.

Cannot copy output executable
  '/home/tackwin/Code/easybody/CMakeFiles/CMakeTmp/cmTC_96395'
to destination specified by COPY_FILE:
  '/home/tackwin/Code/easybody/CMakeFiles/3.13.4/CMakeDetermineCompilerABI_C.bin'


Detecting C [-std=c11] compiler features failed to compile with the following output:
Change Dir: /home/tackwin/Code/easybody/CMakeFiles/CMakeTmp

Run Build Command:"/usr/bin/make" "cmTC_580e4/fast"
make: Warning: File 'Makefile' has modification time 0.68 s in the future
/usr/bin/make -f CMakeFiles/cmTC_580e4.dir/build.make CMakeFiles/cmTC_580e4.dir/build
make[1]: Entering directory '/mnt/c/Users/tackw/Code/easybody/CMakeFiles/CMakeTmp'
make[1]: Warning: File 'CMakeFiles/cmTC_580e4.dir/flags.make' has modification time 0.62 s in the future
Building C object CMakeFiles/cmTC_580e4.dir/feature_tests.c.o
/usr/bin/cc   -std=c11 -o CMakeFiles/cmTC_580e4.dir/feature_tests.c.o   -c /home/tackwin/Code/easybody/CMakeFiles/feature_tests.c
Linking C executable cmTC_580e4
/usr/bin/cmake -E cmake_link_script CMakeFiles/cmTC_580e4.dir/link.txt --verbose=1
/usr/bin/cc      -rdynamic CMakeFiles/cmTC_580e4.dir/feature_tests.c.o  -o cmTC_580e4 
make[1]: warning:  Clock skew detected.  Your build may be incomplete.
make[1]: Leaving directory '/mnt/c/Users/tackw/Code/easybody/CMakeFiles/CMakeTmp'
make: warning:  Clock skew detected.  Your build may be incomplete.

Cannot copy output executable
  '/home/tackwin/Code/easybody/CMakeFiles/CMakeTmp/cmTC_580e4'
to destination specified by COPY_FILE:
  '/home/tackwin/Code/easybody/CMakeFiles/feature_tests.bin'


Detecting CXX compiler ABI info failed to compile with the following output:
Change Dir: /home/tackwin/Code/easybody/CMakeFiles/CMakeTmp

Run Build Command:"/usr/bin/make" "cmTC_116a1/fast"
make: Warning: File 'Makefile' has modification time 0.68 s in the future
/usr/bin/make -f CMakeFiles/cmTC_116a1.dir/build.make CMakeFiles/cmTC_116a1.dir/build
make[1]: Entering directory '/mnt/c/Users/tackw/Code/easybody/CMakeFiles/CMakeTmp'
make[1]: Warning: File 'CMakeFiles/cmTC_116a1.dir/flags.make' has modification time 0.62 s in the future
Building CXX object CMakeFiles/cmTC_116a1.dir/CMakeCXXCompilerABI.cpp.o
/usr/bin/c++     -o CMakeFiles/cmTC_116a1.dir/CMakeCXXCompilerABI.cpp.o -c /usr/share/cmake-3.13/Modules/CMakeCXXCompilerABI.cpp
Linking CXX executable cmTC_116a1
/usr/bin/cmake -E cmake_link_script CMakeFiles/cmTC_116a1.dir/link.txt --verbose=1
/usr/bin/c++      -v -rdynamic CMakeFiles/cmTC_116a1.dir/CMakeCXXCompilerABI.cpp.o  -o cmTC_116a1 
Using built-in specs.
COLLECT_GCC=/usr/bin/c++
COLLECT_LTO_WRAPPER=/usr/lib/gcc/x86_64-linux-gnu/8/lto-wrapper
OFFLOAD_TARGET_NAMES=nvptx-none
OFFLOAD_TARGET_DEFAULT=1
Target: x86_64-linux-gnu
Configured with: ../src/configure -v --with-pkgversion='Debian 8.3.0-6' --with-bugurl=file:///usr/share/doc/gcc-8/README.Bugs --enable-languages=c,ada,c++,go,brig,d,fortran,objc,obj-c++ --prefix=/usr --with-gcc-major-version-only --program-suffix=-8 --program-prefix=x86_64-linux-gnu- --enable-shared --enable-linker-build-id --libexecdir=/usr/lib --without-included-gettext --enable-threads=posix --libdir=/usr/lib --enable-nls --enable-bootstrap --enable-clocale=gnu --enable-libstdcxx-debug --enable-libstdcxx-time=yes --with-default-libstdcxx-abi=new --enable-gnu-unique-object --disable-vtable-verify --enable-libmpx --enable-plugin --enable-default-pie --with-system-zlib --with-target-system-zlib --enable-objc-gc=auto --enable-multiarch --disable-werror --with-arch-32=i686 --with-abi=m64 --with-multilib-list=m32,m64,mx32 --enable-multilib --with-tune=generic --enable-offload-targets=nvptx-none --without-cuda-driver --enable-checking=release --build=x86_64-linux-gnu --host=x86_64-linux-gnu --target=x86_64-linux-gnu
Thread model: posix
gcc version 8.3.0 (Debian 8.3.0-6) 
COMPILER_PATH=/usr/lib/gcc/x86_64-linux-gnu/8/:/usr/lib/gcc/x86_64-linux-gnu/8/:/usr/lib/gcc/x86_64-linux-gnu/:/usr/lib/gcc/x86_64-linux-gnu/8/:/usr/lib/gcc/x86_64-linux-gnu/
LIBRARY_PATH=/usr/lib/gcc/x86_64-linux-gnu/8/:/usr/lib/gcc/x86_64-linux-gnu/8/../../../x86_64-linux-gnu/:/usr/lib/gcc/x86_64-linux-gnu/8/../../../../lib/:/lib/x86_64-linux-gnu/:/lib/../lib/:/usr/lib/x86_64-linux-gnu/:/usr/lib/../lib/:/usr/lib/gcc/x86_64-linux-gnu/8/../../../:/lib/:/usr/lib/
COLLECT_GCC_OPTIONS='-v' '-rdynamic' '-o' 'cmTC_116a1' '-shared-libgcc' '-mtune=generic' '-march=x86-64'
 /usr/lib/gcc/x86_64-linux-gnu/8/collect2 -plugin /usr/lib/gcc/x86_64-linux-gnu/8/liblto_plugin.so -plugin-opt=/usr/lib/gcc/x86_64-linux-gnu/8/lto-wrapper -plugin-opt=-fresolution=/tmp/ccKsMMZA.res -plugin-opt=-pass-through=-lgcc_s -plugin-opt=-pass-through=-lgcc -plugin-opt=-pass-through=-lc -plugin-opt=-pass-through=-lgcc_s -plugin-opt=-pass-through=-lgcc --build-id --eh-frame-hdr -m elf_x86_64 --hash-style=gnu -export-dynamic -dynamic-linker /lib64/ld-linux-x86-64.so.2 -pie -o cmTC_116a1 /usr/lib/gcc/x86_64-linux-gnu/8/../../../x86_64-linux-gnu/Scrt1.o /usr/lib/gcc/x86_64-linux-gnu/8/../../../x86_64-linux-gnu/crti.o /usr/lib/gcc/x86_64-linux-gnu/8/crtbeginS.o -L/usr/lib/gcc/x86_64-linux-gnu/8 -L/usr/lib/gcc/x86_64-linux-gnu/8/../../../x86_64-linux-gnu -L/usr/lib/gcc/x86_64-linux-gnu/8/../../../../lib -L/lib/x86_64-linux-gnu -L/lib/../lib -L/usr/lib/x86_64-linux-gnu -L/usr/lib/../lib -L/usr/lib/gcc/x86_64-linux-gnu/8/../../.. CMakeFiles/cmTC_116a1.dir/CMakeCXXCompilerABI.cpp.o -lstdc++ -lm -lgcc_s -lgcc -lc -lgcc_s -lgcc /usr/lib/gcc/x86_64-linux-gnu/8/crtendS.o /usr/lib/gcc/x86_64-linux-gnu/8/../../../x86_64-linux-gnu/crtn.o
COLLECT_GCC_OPTIONS='-v' '-rdynamic' '-o' 'cmTC_116a1' '-shared-libgcc' '-mtune=generic' '-march=x86-64'
make[1]: warning:  Clock skew detected.  Your build may be incomplete.
make[1]: Leaving directory '/mnt/c/Users/tackw/Code/easybody/CMakeFiles/CMakeTmp'
make: warning:  Clock skew detected.  Your build may be incomplete.

Cannot copy output executable
  '/home/tackwin/Code/easybody/CMakeFiles/CMakeTmp/cmTC_116a1'
to destination specified by COPY_FILE:
  '/home/tackwin/Code/easybody/CMakeFiles/3.13.4/CMakeDetermineCompilerABI_CXX.bin'


Detecting CXX [-std=c++2a] compiler features failed to compile with the following output:
Change Dir: /home/tackwin/Code/easybody/CMakeFiles/CMakeTmp

Run Build Command:"/usr/bin/make" "cmTC_18bad/fast"
make: Warning: File 'Makefile' has modification time 0.65 s in the future
/usr/bin/make -f CMakeFiles/cmTC_18bad.dir/build.make CMakeFiles/cmTC_18bad.dir/build
make[1]: Entering directory '/mnt/c/Users/tackw/Code/easybody/CMakeFiles/CMakeTmp'
make[1]: Warning: File 'CMakeFiles/cmTC_18bad.dir/flags.make' has modification time 0.59 s in the future
Building CXX object CMakeFiles/cmTC_18bad.dir/feature_tests.cxx.o
/usr/bin/c++    -std=c++2a -o CMakeFiles/cmTC_18bad.dir/feature_tests.cxx.o -c /home/tackwin/Code/easybody/CMakeFiles/feature_tests.cxx
Linking CXX executable cmTC_18bad
/usr/bin/cmake -E cmake_link_script CMakeFiles/cmTC_18bad.dir/link.txt --verbose=1
/usr/bin/c++       -rdynamic CMakeFiles/cmTC_18bad.dir/feature_tests.cxx.o  -o cmTC_18bad 
make[1]: warning:  Clock skew detected.  Your build may be incomplete.
make[1]: Leaving directory '/mnt/c/Users/tackw/Code/easybody/CMakeFiles/CMakeTmp'
make: warning:  Clock skew detected.  Your build may be incomplete.

Cannot copy output executable
  '/home/tackwin/Code/easybody/CMakeFiles/CMakeTmp/cmTC_18bad'
to destination specified by COPY_FILE:
  '/home/tackwin/Code/easybody/CMakeFiles/feature_tests.bin'


Detecting C compiler ABI info failed to compile with the following output:
Change Dir: /home/tackwin/Code/easybody/CMakeFiles/CMakeTmp

Run Build Command:"/usr/bin/make" "cmTC_ec4d1/fast"
make: Warning: File 'Makefile' has modification time 0.69 s in the future
/usr/bin/make -f CMakeFiles/cmTC_ec4d1.dir/build.make CMakeFiles/cmTC_ec4d1.dir/build
make[1]: Entering directory '/mnt/c/Users/tackw/Code/easybody/CMakeFiles/CMakeTmp'
make[1]: Warning: File 'CMakeFiles/cmTC_ec4d1.dir/flags.make' has modification time 0.63 s in the future
Building C object CMakeFiles/cmTC_ec4d1.dir/CMakeCCompilerABI.c.o
/usr/bin/cc    -o CMakeFiles/cmTC_ec4d1.dir/CMakeCCompilerABI.c.o   -c /usr/share/cmake-3.13/Modules/CMakeCCompilerABI.c
Linking C executable cmTC_ec4d1
/usr/bin/cmake -E cmake_link_script CMakeFiles/cmTC_ec4d1.dir/link.txt --verbose=1
/usr/bin/cc     -v -rdynamic CMakeFiles/cmTC_ec4d1.dir/CMakeCCompilerABI.c.o  -o cmTC_ec4d1 
Using built-in specs.
COLLECT_GCC=/usr/bin/cc
COLLECT_LTO_WRAPPER=/usr/lib/gcc/x86_64-linux-gnu/8/lto-wrapper
OFFLOAD_TARGET_NAMES=nvptx-none
OFFLOAD_TARGET_DEFAULT=1
Target: x86_64-linux-gnu
Configured with: ../src/configure -v --with-pkgversion='Debian 8.3.0-6' --with-bugurl=file:///usr/share/doc/gcc-8/README.Bugs --enable-languages=c,ada,c++,go,brig,d,fortran,objc,obj-c++ --prefix=/usr --with-gcc-major-version-only --program-suffix=-8 --program-prefix=x86_64-linux-gnu- --enable-shared --enable-linker-build-id --libexecdir=/usr/lib --without-included-gettext --enable-threads=posix --libdir=/usr/lib --enable-nls --enable-bootstrap --enable-clocale=gnu --enable-libstdcxx-debug --enable-libstdcxx-time=yes --with-default-libstdcxx-abi=new --enable-gnu-unique-object --disable-vtable-verify --enable-libmpx --enable-plugin --enable-default-pie --with-system-zlib --with-target-system-zlib --enable-objc-gc=auto --enable-multiarch --disable-werror --with-arch-32=i686 --with-abi=m64 --with-multilib-list=m32,m64,mx32 --enable-multilib --with-tune=generic --enable-offload-targets=nvptx-none --without-cuda-driver --enable-checking=release --build=x86_64-linux-gnu --host=x86_64-linux-gnu --target=x86_64-linux-gnu
Thread model: posix
gcc version 8.3.0 (Debian 8.3.0-6) 
COMPILER_PATH=/usr/lib/gcc/x86_64-linux-gnu/8/:/usr/lib/gcc/x86_64-linux-gnu/8/:/usr/lib/gcc/x86_64-linux-gnu/:/usr/lib/gcc/x86_64-linux-gnu/8/:/usr/lib/gcc/x86_64-linux-gnu/
LIBRARY_PATH=/usr/lib/gcc/x86_64-linux-gnu/8/:/usr/lib/gcc/x86_64-linux-gnu/8/../../../x86_64-linux-gnu/:/usr/lib/gcc/x86_64-linux-gnu/8/../../../../lib/:/lib/x86_64-linux-gnu/:/lib/../lib/:/usr/lib/x86_64-linux-gnu/:/usr/lib/../lib/:/usr/lib/gcc/x86_64-linux-gnu/8/../../../:/lib/:/usr/lib/
COLLECT_GCC_OPTIONS='-v' '-rdynamic' '-o' 'cmTC_ec4d1' '-mtune=generic' '-march=x86-64'
 /usr/lib/gcc/x86_64-linux-gnu/8/collect2 -plugin /usr/lib/gcc/x86_64-linux-gnu/8/liblto_plugin.so -plugin-opt=/usr/lib/gcc/x86_64-linux-gnu/8/lto-wrapper -plugin-opt=-fresolution=/tmp/cc1EvpPc.res -plugin-opt=-pass-through=-lgcc -plugin-opt=-pass-through=-lgcc_s -plugin-opt=-pass-through=-lc -plugin-opt=-pass-through=-lgcc -plugin-opt=-pass-through=-lgcc_s --build-id --eh-frame-hdr -m elf_x86_64 --hash-style=gnu -export-dynamic -dynamic-linker /lib64/ld-linux-x86-64.so.2 -pie -o cmTC_ec4d1 /usr/lib/gcc/x86_64-linux-gnu/8/../../../x86_64-linux-gnu/Scrt1.o /usr/lib/gcc/x86_64-linux-gnu/8/../../../x86_64-linux-gnu/crti.o /usr/lib/gcc/x86_64-linux-gnu/8/crtbeginS.o -L/usr/lib/gcc/x86_64-linux-gnu/8 -L/usr/lib/gcc/x86_64-linux-gnu/8/../../../x86_64-linux-gnu -L/usr/lib/gcc/x86_64-linux-gnu/8/../../../../lib -L/lib/x86_64-linux-gnu -L/lib/../lib -L/usr/lib/x86_64-linux-gnu -L/usr/lib/../lib -L/usr/lib/gcc/x86_64-linux-gnu/8/../../.. CMakeFiles/cmTC_ec4d1.dir/CMakeCCompilerABI.c.o -lgcc --push-state --as-needed -lgcc_s --pop-state -lc -lgcc --push-state --as-needed -lgcc_s --pop-state /usr/lib/gcc/x86_64-linux-gnu/8/crtendS.o /usr/lib/gcc/x86_64-linux-gnu/8/../../../x86_64-linux-gnu/crtn.o
COLLECT_GCC_OPTIONS='-v' '-rdynamic' '-o' 'cmTC_ec4d1' '-mtune=generic' '-march=x86-64'
make[1]: warning:  Clock skew detected.  Your build may be incomplete.
make[1]: Leaving directory '/mnt/c/Users/tackw/Code/easybody/CMakeFiles/CMakeTmp'
make: warning:  Clock skew detected.  Your build may be incomplete.

Cannot copy output executable
  '/home/tackwin/Code/easybody/CMakeFiles/CMakeTmp/cmTC_ec4d1'
to destination specified by COPY_FILE:
  '/home/tackwin/Code/easybody/CMakeFiles/3.13.4/CMakeDetermineCompilerABI_C.bin'


Detecting C [-std=c11] compiler features failed to compile with the following output:
Change Dir: /home/tackwin/Code/easybody/CMakeFiles/CMakeTmp

Run Build Command:"/usr/bin/make" "cmTC_62959/fast"
make: Warning: File 'Makefile' has modification time 0.51 s in the future
/usr/bin/make -f CMakeFiles/cmTC_62959.dir/build.make CMakeFiles/cmTC_62959.dir/build
make[1]: Entering directory '/mnt/c/Users/tackw/Code/easybody/CMakeFiles/CMakeTmp'
make[1]: Warning: File 'CMakeFiles/cmTC_62959.dir/flags.make' has modification time 0.42 s in the future
Building C object CMakeFiles/cmTC_62959.dir/feature_tests.c.o
/usr/bin/cc   -std=c11 -o CMakeFiles/cmTC_62959.dir/feature_tests.c.o   -c /home/tackwin/Code/easybody/CMakeFiles/feature_tests.c
Linking C executable cmTC_62959
/usr/bin/cmake -E cmake_link_script CMakeFiles/cmTC_62959.dir/link.txt --verbose=1
/usr/bin/cc      -rdynamic CMakeFiles/cmTC_62959.dir/feature_tests.c.o  -o cmTC_62959 
make[1]: warning:  Clock skew detected.  Your build may be incomplete.
make[1]: Leaving directory '/mnt/c/Users/tackw/Code/easybody/CMakeFiles/CMakeTmp'
make: warning:  Clock skew detected.  Your build may be incomplete.

Cannot copy output executable
  '/home/tackwin/Code/easybody/CMakeFiles/CMakeTmp/cmTC_62959'
to destination specified by COPY_FILE:
  '/home/tackwin/Code/easybody/CMakeFiles/feature_tests.bin'


Detecting CXX compiler ABI info failed to compile with the following output:
Change Dir: /home/tackwin/Code/easybody/CMakeFiles/CMakeTmp

Run Build Command:"/usr/bin/make" "cmTC_1e59f/fast"
make: Warning: File 'Makefile' has modification time 0.68 s in the future
/usr/bin/make -f CMakeFiles/cmTC_1e59f.dir/build.make CMakeFiles/cmTC_1e59f.dir/build
make[1]: Entering directory '/mnt/c/Users/tackw/Code/easybody/CMakeFiles/CMakeTmp'
make[1]: Warning: File 'CMakeFiles/cmTC_1e59f.dir/flags.make' has modification time 0.62 s in the future
Building CXX object CMakeFiles/cmTC_1e59f.dir/CMakeCXXCompilerABI.cpp.o
/usr/bin/c++     -o CMakeFiles/cmTC_1e59f.dir/CMakeCXXCompilerABI.cpp.o -c /usr/share/cmake-3.13/Modules/CMakeCXXCompilerABI.cpp
Linking CXX executable cmTC_1e59f
/usr/bin/cmake -E cmake_link_script CMakeFiles/cmTC_1e59f.dir/link.txt --verbose=1
/usr/bin/c++      -v -rdynamic CMakeFiles/cmTC_1e59f.dir/CMakeCXXCompilerABI.cpp.o  -o cmTC_1e59f 
Using built-in specs.
COLLECT_GCC=/usr/bin/c++
COLLECT_LTO_WRAPPER=/usr/lib/gcc/x86_64-linux-gnu/8/lto-wrapper
OFFLOAD_TARGET_NAMES=nvptx-none
OFFLOAD_TARGET_DEFAULT=1
Target: x86_64-linux-gnu
Configured with: ../src/configure -v --with-pkgversion='Debian 8.3.0-6' --with-bugurl=file:///usr/share/doc/gcc-8/README.Bugs --enable-languages=c,ada,c++,go,brig,d,fortran,objc,obj-c++ --prefix=/usr --with-gcc-major-version-only --program-suffix=-8 --program-prefix=x86_64-linux-gnu- --enable-shared --enable-linker-build-id --libexecdir=/usr/lib --without-included-gettext --enable-threads=posix --libdir=/usr/lib --enable-nls --enable-bootstrap --enable-clocale=gnu --enable-libstdcxx-debug --enable-libstdcxx-time=yes --with-default-libstdcxx-abi=new --enable-gnu-unique-object --disable-vtable-verify --enable-libmpx --enable-plugin --enable-default-pie --with-system-zlib --with-target-system-zlib --enable-objc-gc=auto --enable-multiarch --disable-werror --with-arch-32=i686 --with-abi=m64 --with-multilib-list=m32,m64,mx32 --enable-multilib --with-tune=generic --enable-offload-targets=nvptx-none --without-cuda-driver --enable-checking=release --build=x86_64-linux-gnu --host=x86_64-linux-gnu --target=x86_64-linux-gnu
Thread model: posix
gcc version 8.3.0 (Debian 8.3.0-6) 
COMPILER_PATH=/usr/lib/gcc/x86_64-linux-gnu/8/:/usr/lib/gcc/x86_64-linux-gnu/8/:/usr/lib/gcc/x86_64-linux-gnu/:/usr/lib/gcc/x86_64-linux-gnu/8/:/usr/lib/gcc/x86_64-linux-gnu/
LIBRARY_PATH=/usr/lib/gcc/x86_64-linux-gnu/8/:/usr/lib/gcc/x86_64-linux-gnu/8/../../../x86_64-linux-gnu/:/usr/lib/gcc/x86_64-linux-gnu/8/../../../../lib/:/lib/x86_64-linux-gnu/:/lib/../lib/:/usr/lib/x86_64-linux-gnu/:/usr/lib/../lib/:/usr/lib/gcc/x86_64-linux-gnu/8/../../../:/lib/:/usr/lib/
COLLECT_GCC_OPTIONS='-v' '-rdynamic' '-o' 'cmTC_1e59f' '-shared-libgcc' '-mtune=generic' '-march=x86-64'
 /usr/lib/gcc/x86_64-linux-gnu/8/collect2 -plugin /usr/lib/gcc/x86_64-linux-gnu/8/liblto_plugin.so -plugin-opt=/usr/lib/gcc/x86_64-linux-gnu/8/lto-wrapper -plugin-opt=-fresolution=/tmp/cc8pNB4Z.res -plugin-opt=-pass-through=-lgcc_s -plugin-opt=-pass-through=-lgcc -plugin-opt=-pass-through=-lc -plugin-opt=-pass-through=-lgcc_s -plugin-opt=-pass-through=-lgcc --build-id --eh-frame-hdr -m elf_x86_64 --hash-style=gnu -export-dynamic -dynamic-linker /lib64/ld-linux-x86-64.so.2 -pie -o cmTC_1e59f /usr/lib/gcc/x86_64-linux-gnu/8/../../../x86_64-linux-gnu/Scrt1.o /usr/lib/gcc/x86_64-linux-gnu/8/../../../x86_64-linux-gnu/crti.o /usr/lib/gcc/x86_64-linux-gnu/8/crtbeginS.o -L/usr/lib/gcc/x86_64-linux-gnu/8 -L/usr/lib/gcc/x86_64-linux-gnu/8/../../../x86_64-linux-gnu -L/usr/lib/gcc/x86_64-linux-gnu/8/../../../../lib -L/lib/x86_64-linux-gnu -L/lib/../lib -L/usr/lib/x86_64-linux-gnu -L/usr/lib/../lib -L/usr/lib/gcc/x86_64-linux-gnu/8/../../.. CMakeFiles/cmTC_1e59f.dir/CMakeCXXCompilerABI.cpp.o -lstdc++ -lm -lgcc_s -lgcc -lc -lgcc_s -lgcc /usr/lib/gcc/x86_64-linux-gnu/8/crtendS.o /usr/lib/gcc/x86_64-linux-gnu/8/../../../x86_64-linux-gnu/crtn.o
COLLECT_GCC_OPTIONS='-v' '-rdynamic' '-o' 'cmTC_1e59f' '-shared-libgcc' '-mtune=generic' '-march=x86-64'
make[1]: warning:  Clock skew detected.  Your build may be incomplete.
make[1]: Leaving directory '/mnt/c/Users/tackw/Code/easybody/CMakeFiles/CMakeTmp'
make: warning:  Clock skew detected.  Your build may be incomplete.

Cannot copy output executable
  '/home/tackwin/Code/easybody/CMakeFiles/CMakeTmp/cmTC_1e59f'
to destination specified by COPY_FILE:
  '/home/tackwin/Code/easybody/CMakeFiles/3.13.4/CMakeDetermineCompilerABI_CXX.bin'


Detecting CXX [-std=c++2a] compiler features failed to compile with the following output:
Change Dir: /home/tackwin/Code/easybody/CMakeFiles/CMakeTmp

Run Build Command:"/usr/bin/make" "cmTC_dcfa7/fast"
make: Warning: File 'Makefile' has modification time 0.69 s in the future
/usr/bin/make -f CMakeFiles/cmTC_dcfa7.dir/build.make CMakeFiles/cmTC_dcfa7.dir/build
make[1]: Entering directory '/mnt/c/Users/tackw/Code/easybody/CMakeFiles/CMakeTmp'
make[1]: Warning: File 'CMakeFiles/cmTC_dcfa7.dir/flags.make' has modification time 0.62 s in the future
Building CXX object CMakeFiles/cmTC_dcfa7.dir/feature_tests.cxx.o
/usr/bin/c++    -std=c++2a -o CMakeFiles/cmTC_dcfa7.dir/feature_tests.cxx.o -c /home/tackwin/Code/easybody/CMakeFiles/feature_tests.cxx
Linking CXX executable cmTC_dcfa7
/usr/bin/cmake -E cmake_link_script CMakeFiles/cmTC_dcfa7.dir/link.txt --verbose=1
/usr/bin/c++       -rdynamic CMakeFiles/cmTC_dcfa7.dir/feature_tests.cxx.o  -o cmTC_dcfa7 
make[1]: warning:  Clock skew detected.  Your build may be incomplete.
make[1]: Leaving directory '/mnt/c/Users/tackw/Code/easybody/CMakeFiles/CMakeTmp'
make: warning:  Clock skew detected.  Your build may be incomplete.

Cannot copy output executable
  '/home/tackwin/Code/easybody/CMakeFiles/CMakeTmp/cmTC_dcfa7'
to destination specified by COPY_FILE:
  '/home/tackwin/Code/easybody/CMakeFiles/feature_tests.bin'


Compiling the CXX compiler identification source file "CMakeCXXCompilerId.cpp" failed.
Compiler: /usr/bin/c++ 
Build flags: 
Id flags:  

The output was:
No such file or directory


Compiling the CXX compiler identification source file "CMakeCXXCompilerId.cpp" failed.
Compiler: /usr/bin/c++ 
Build flags: 
Id flags: -c 

The output was:
No such file or directory


Compiling the CXX compiler identification source file "CMakeCXXCompilerId.cpp" failed.
Compiler: /usr/bin/c++ 
Build flags: 
Id flags: --c++ 

The output was:
No such file or directory


Compiling the CXX compiler identification source file "CMakeCXXCompilerId.cpp" failed.
Compiler: /usr/bin/c++ 
Build flags: 
Id flags: --ec++ 

The output was:
No such file or directory


Compiling the CXX compiler identification source file "CMakeCXXCompilerId.cpp" failed.
Compiler: /usr/bin/c++ 
Build flags: 
Id flags: --target=arm-arm-none-eabi;-mcpu=cortex-m3 

The output was:
No such file or directory


Compiling the CXX compiler identification source file "CMakeCXXCompilerId.cpp" failed.
Compiler: /usr/bin/c++ 
Build flags: 
Id flags:  

The output was:
No such file or directory


Compiling the CXX compiler identification source file "CMakeCXXCompilerId.cpp" failed.
Compiler: /usr/bin/c++ 
Build flags: 
Id flags: -c 

The output was:
No such file or directory


Compiling the CXX compiler identification source file "CMakeCXXCompilerId.cpp" failed.
Compiler: /usr/bin/c++ 
Build flags: 
Id flags: --c++ 

The output was:
No such file or directory


Compiling the CXX compiler identification source file "CMakeCXXCompilerId.cpp" failed.
Compiler: /usr/bin/c++ 
Build flags: 
Id flags: --ec++ 

The output was:
No such file or directory


Compiling the CXX compiler identification source file "CMakeCXXCompilerId.cpp" failed.
Compiler: /usr/bin/c++ 
Build flags: 
Id flags: --target=arm-arm-none-eabi;-mcpu=cortex-m3 

The output was:
No such file or directory


Checking whether the CXX compiler is IAR using "" did not match "IAR .+ Compiler":
Checking whether the CXX compiler is IAR using "" did not match "IAR .+ Compiler":
Detecting C compiler ABI info failed to compile with the following output:
Change Dir: /home/tackwin/Code/easybody/CMakeFiles/CMakeTmp

Run Build Command(s):/usr/bin/make cmTC_6c644/fast && make: Warning: File 'Makefile' has modification time 0.73 s in the future
/usr/bin/make -f CMakeFiles/cmTC_6c644.dir/build.make CMakeFiles/cmTC_6c644.dir/build
make[1]: Entering directory '/mnt/c/Users/tackw/Code/easybody/CMakeFiles/CMakeTmp'
make[1]: Warning: File 'CMakeFiles/cmTC_6c644.dir/flags.make' has modification time 0.66 s in the future
Building C object CMakeFiles/cmTC_6c644.dir/CMakeCCompilerABI.c.o
/usr/bin/cc   -v -o CMakeFiles/cmTC_6c644.dir/CMakeCCompilerABI.c.o   -c /usr/share/cmake-3.16/Modules/CMakeCCompilerABI.c
Using built-in specs.
COLLECT_GCC=/usr/bin/cc
OFFLOAD_TARGET_NAMES=nvptx-none:hsa
OFFLOAD_TARGET_DEFAULT=1
Target: x86_64-linux-gnu
Configured with: ../src/configure -v --with-pkgversion='Ubuntu 9.3.0-10ubuntu2' --with-bugurl=file:///usr/share/doc/gcc-9/README.Bugs --enable-languages=c,ada,c++,go,brig,d,fortran,objc,obj-c++,gm2 --prefix=/usr --with-gcc-major-version-only --program-suffix=-9 --program-prefix=x86_64-linux-gnu- --enable-shared --enable-linker-build-id --libexecdir=/usr/lib --without-included-gettext --enable-threads=posix --libdir=/usr/lib --enable-nls --enable-clocale=gnu --enable-libstdcxx-debug --enable-libstdcxx-time=yes --with-default-libstdcxx-abi=new --enable-gnu-unique-object --disable-vtable-verify --enable-plugin --enable-default-pie --with-system-zlib --with-target-system-zlib=auto --enable-objc-gc=auto --enable-multiarch --disable-werror --with-arch-32=i686 --with-abi=m64 --with-multilib-list=m32,m64,mx32 --enable-multilib --with-tune=generic --enable-offload-targets=nvptx-none,hsa --without-cuda-driver --enable-checking=release --build=x86_64-linux-gnu --host=x86_64-linux-gnu --target=x86_64-linux-gnu
Thread model: posix
gcc version 9.3.0 (Ubuntu 9.3.0-10ubuntu2) 
COLLECT_GCC_OPTIONS='-v' '-o' 'CMakeFiles/cmTC_6c644.dir/CMakeCCompilerABI.c.o' '-c' '-mtune=generic' '-march=x86-64'
 /usr/lib/gcc/x86_64-linux-gnu/9/cc1 -quiet -v -imultiarch x86_64-linux-gnu /usr/share/cmake-3.16/Modules/CMakeCCompilerABI.c -quiet -dumpbase CMakeCCompilerABI.c -mtune=generic -march=x86-64 -auxbase-strip CMakeFiles/cmTC_6c644.dir/CMakeCCompilerABI.c.o -version -fasynchronous-unwind-tables -fstack-protector-strong -Wformat -Wformat-security -fstack-clash-protection -fcf-protection -o /tmp/ccdr6eYR.s
GNU C17 (Ubuntu 9.3.0-10ubuntu2) version 9.3.0 (x86_64-linux-gnu)
	compiled by GNU C version 9.3.0, GMP version 6.2.0, MPFR version 4.0.2, MPC version 1.1.0, isl version isl-0.22.1-GMP

GGC heuristics: --param ggc-min-expand=100 --param ggc-min-heapsize=131072
ignoring nonexistent directory "/usr/local/include/x86_64-linux-gnu"
ignoring nonexistent directory "/usr/lib/gcc/x86_64-linux-gnu/9/include-fixed"
ignoring nonexistent directory "/usr/lib/gcc/x86_64-linux-gnu/9/../../../../x86_64-linux-gnu/include"
#include "..." search starts here:
#include <...> search starts here:
 /usr/lib/gcc/x86_64-linux-gnu/9/include
 /usr/local/include
 /usr/include/x86_64-linux-gnu
 /usr/include
End of search list.
GNU C17 (Ubuntu 9.3.0-10ubuntu2) version 9.3.0 (x86_64-linux-gnu)
	compiled by GNU C version 9.3.0, GMP version 6.2.0, MPFR version 4.0.2, MPC version 1.1.0, isl version isl-0.22.1-GMP

GGC heuristics: --param ggc-min-expand=100 --param ggc-min-heapsize=131072
Compiler executable checksum: 18dc4c39b54390aa2b5013fb4339d43f
COLLECT_GCC_OPTIONS='-v' '-o' 'CMakeFiles/cmTC_6c644.dir/CMakeCCompilerABI.c.o' '-c' '-mtune=generic' '-march=x86-64'
 as -v --64 -o CMakeFiles/cmTC_6c644.dir/CMakeCCompilerABI.c.o /tmp/ccdr6eYR.s
GNU assembler version 2.34 (x86_64-linux-gnu) using BFD version (GNU Binutils for Ubuntu) 2.34
COMPILER_PATH=/usr/lib/gcc/x86_64-linux-gnu/9/:/usr/lib/gcc/x86_64-linux-gnu/9/:/usr/lib/gcc/x86_64-linux-gnu/:/usr/lib/gcc/x86_64-linux-gnu/9/:/usr/lib/gcc/x86_64-linux-gnu/
LIBRARY_PATH=/usr/lib/gcc/x86_64-linux-gnu/9/:/usr/lib/gcc/x86_64-linux-gnu/9/../../../x86_64-linux-gnu/:/usr/lib/gcc/x86_64-linux-gnu/9/../../../../lib/:/lib/x86_64-linux-gnu/:/lib/../lib/:/usr/lib/x86_64-linux-gnu/:/usr/lib/../lib/:/usr/lib/gcc/x86_64-linux-gnu/9/../../../:/lib/:/usr/lib/
COLLECT_GCC_OPTIONS='-v' '-o' 'CMakeFiles/cmTC_6c644.dir/CMakeCCompilerABI.c.o' '-c' '-mtune=generic' '-march=x86-64'
Linking C executable cmTC_6c644
/usr/bin/cmake -E cmake_link_script CMakeFiles/cmTC_6c644.dir/link.txt --verbose=1
/usr/bin/cc     -v -rdynamic CMakeFiles/cmTC_6c644.dir/CMakeCCompilerABI.c.o  -o cmTC_6c644 
Using built-in specs.
COLLECT_GCC=/usr/bin/cc
COLLECT_LTO_WRAPPER=/usr/lib/gcc/x86_64-linux-gnu/9/lto-wrapper
OFFLOAD_TARGET_NAMES=nvptx-none:hsa
OFFLOAD_TARGET_DEFAULT=1
Target: x86_64-linux-gnu
Configured with: ../src/configure -v --with-pkgversion='Ubuntu 9.3.0-10ubuntu2' --with-bugurl=file:///usr/share/doc/gcc-9/README.Bugs --enable-languages=c,ada,c++,go,brig,d,fortran,objc,obj-c++,gm2 --prefix=/usr --with-gcc-major-version-only --program-suffix=-9 --program-prefix=x86_64-linux-gnu- --enable-shared --enable-linker-build-id --libexecdir=/usr/lib --without-included-gettext --enable-threads=posix --libdir=/usr/lib --enable-nls --enable-clocale=gnu --enable-libstdcxx-debug --enable-libstdcxx-time=yes --with-default-libstdcxx-abi=new --enable-gnu-unique-object --disable-vtable-verify --enable-plugin --enable-default-pie --with-system-zlib --with-target-system-zlib=auto --enable-objc-gc=auto --enable-multiarch --disable-werror --with-arch-32=i686 --with-abi=m64 --with-multilib-list=m32,m64,mx32 --enable-multilib --with-tune=generic --enable-offload-targets=nvptx-none,hsa --without-cuda-driver --enable-checking=release --build=x86_64-linux-gnu --host=x86_64-linux-gnu --target=x86_64-linux-gnu
Thread model: posix
gcc version 9.3.0 (Ubuntu 9.3.0-10ubuntu2) 
COMPILER_PATH=/usr/lib/gcc/x86_64-linux-gnu/9/:/usr/lib/gcc/x86_64-linux-gnu/9/:/usr/lib/gcc/x86_64-linux-gnu/:/usr/lib/gcc/x86_64-linux-gnu/9/:/usr/lib/gcc/x86_64-linux-gnu/
LIBRARY_PATH=/usr/lib/gcc/x86_64-linux-gnu/9/:/usr/lib/gcc/x86_64-linux-gnu/9/../../../x86_64-linux-gnu/:/usr/lib/gcc/x86_64-linux-gnu/9/../../../../lib/:/lib/x86_64-linux-gnu/:/lib/../lib/:/usr/lib/x86_64-linux-gnu/:/usr/lib/../lib/:/usr/lib/gcc/x86_64-linux-gnu/9/../../../:/lib/:/usr/lib/
COLLECT_GCC_OPTIONS='-v' '-rdynamic' '-o' 'cmTC_6c644' '-mtune=generic' '-march=x86-64'
 /usr/lib/gcc/x86_64-linux-gnu/9/collect2 -plugin /usr/lib/gcc/x86_64-linux-gnu/9/liblto_plugin.so -plugin-opt=/usr/lib/gcc/x86_64-linux-gnu/9/lto-wrapper -plugin-opt=-fresolution=/tmp/cchrbiDj.res -plugin-opt=-pass-through=-lgcc -plugin-opt=-pass-through=-lgcc_s -plugin-opt=-pass-through=-lc -plugin-opt=-pass-through=-lgcc -plugin-opt=-pass-through=-lgcc_s --build-id --eh-frame-hdr -m elf_x86_64 --hash-style=gnu --as-needed -export-dynamic -dynamic-linker /lib64/ld-linux-x86-64.so.2 -pie -z now -z relro -o cmTC_6c644 /usr/lib/gcc/x86_64-linux-gnu/9/../../../x86_64-linux-gnu/Scrt1.o /usr/lib/gcc/x86_64-linux-gnu/9/../../../x86_64-linux-gnu/crti.o /usr/lib/gcc/x86_64-linux-gnu/9/crtbeginS.o -L/usr/lib/gcc/x86_64-linux-gnu/9 -L/usr/lib/gcc/x86_64-linux-gnu/9/../../../x86_64-linux-gnu -L/usr/lib/gcc/x86_64-linux-gnu/9/../../../../lib -L/lib/x86_64-linux-gnu -L/lib/../lib -L/usr/lib/x86_64-linux-gnu -L/usr/lib/../lib -L/usr/lib/gcc/x86_64-linux-gnu/9/../../.. CMakeFiles/cmTC_6c644.dir/CMakeCCompilerABI.c.o -lgcc --push-state --as-needed -lgcc_s --pop-state -lc -lgcc --push-state --as-needed -lgcc_s --pop-state /usr/lib/gcc/x86_64-linux-gnu/9/crtendS.o /usr/lib/gcc/x86_64-linux-gnu/9/../../../x86_64-linux-gnu/crtn.o
COLLECT_GCC_OPTIONS='-v' '-rdynamic' '-o' 'cmTC_6c644' '-mtune=generic' '-march=x86-64'
make[1]: warning:  Clock skew detected.  Your build may be incomplete.
make[1]: Leaving directory '/mnt/c/Users/tackw/Code/easybody/CMakeFiles/CMakeTmp'
make: warning:  Clock skew detected.  Your build may be incomplete.


Cannot copy output executable
  '/home/tackwin/Code/easybody/CMakeFiles/CMakeTmp/cmTC_6c644'
to destination specified by COPY_FILE:
  '/home/tackwin/Code/easybody/CMakeFiles/3.16.3/CMakeDetermineCompilerABI_C.bin'


Detecting CXX compiler ABI info failed to compile with the following output:
Change Dir: /home/tackwin/Code/easybody/CMakeFiles/CMakeTmp

Run Build Command(s):/usr/bin/make cmTC_beef9/fast && make: Warning: File 'Makefile' has modification time 0.69 s in the future
/usr/bin/make -f CMakeFiles/cmTC_beef9.dir/build.make CMakeFiles/cmTC_beef9.dir/build
make[1]: Entering directory '/mnt/c/Users/tackw/Code/easybody/CMakeFiles/CMakeTmp'
make[1]: Warning: File 'CMakeFiles/cmTC_beef9.dir/flags.make' has modification time 0.62 s in the future
Building CXX object CMakeFiles/cmTC_beef9.dir/CMakeCXXCompilerABI.cpp.o
/usr/bin/c++    -v -o CMakeFiles/cmTC_beef9.dir/CMakeCXXCompilerABI.cpp.o -c /usr/share/cmake-3.16/Modules/CMakeCXXCompilerABI.cpp
Using built-in specs.
COLLECT_GCC=/usr/bin/c++
OFFLOAD_TARGET_NAMES=nvptx-none:hsa
OFFLOAD_TARGET_DEFAULT=1
Target: x86_64-linux-gnu
Configured with: ../src/configure -v --with-pkgversion='Ubuntu 9.3.0-10ubuntu2' --with-bugurl=file:///usr/share/doc/gcc-9/README.Bugs --enable-languages=c,ada,c++,go,brig,d,fortran,objc,obj-c++,gm2 --prefix=/usr --with-gcc-major-version-only --program-suffix=-9 --program-prefix=x86_64-linux-gnu- --enable-shared --enable-linker-build-id --libexecdir=/usr/lib --without-included-gettext --enable-threads=posix --libdir=/usr/lib --enable-nls --enable-clocale=gnu --enable-libstdcxx-debug --enable-libstdcxx-time=yes --with-default-libstdcxx-abi=new --enable-gnu-unique-object --disable-vtable-verify --enable-plugin --enable-default-pie --with-system-zlib --with-target-system-zlib=auto --enable-objc-gc=auto --enable-multiarch --disable-werror --with-arch-32=i686 --with-abi=m64 --with-multilib-list=m32,m64,mx32 --enable-multilib --with-tune=generic --enable-offload-targets=nvptx-none,hsa --without-cuda-driver --enable-checking=release --build=x86_64-linux-gnu --host=x86_64-linux-gnu --target=x86_64-linux-gnu
Thread model: posix
gcc version 9.3.0 (Ubuntu 9.3.0-10ubuntu2) 
COLLECT_GCC_OPTIONS='-v' '-o' 'CMakeFiles/cmTC_beef9.dir/CMakeCXXCompilerABI.cpp.o' '-c' '-shared-libgcc' '-mtune=generic' '-march=x86-64'
 /usr/lib/gcc/x86_64-linux-gnu/9/cc1plus -quiet -v -imultiarch x86_64-linux-gnu -D_GNU_SOURCE /usr/share/cmake-3.16/Modules/CMakeCXXCompilerABI.cpp -quiet -dumpbase CMakeCXXCompilerABI.cpp -mtune=generic -march=x86-64 -auxbase-strip CMakeFiles/cmTC_beef9.dir/CMakeCXXCompilerABI.cpp.o -version -fasynchronous-unwind-tables -fstack-protector-strong -Wformat -Wformat-security -fstack-clash-protection -fcf-protection -o /tmp/cc2eZyLc.s
GNU C++14 (Ubuntu 9.3.0-10ubuntu2) version 9.3.0 (x86_64-linux-gnu)
	compiled by GNU C version 9.3.0, GMP version 6.2.0, MPFR version 4.0.2, MPC version 1.1.0, isl version isl-0.22.1-GMP

GGC heuristics: --param ggc-min-expand=100 --param ggc-min-heapsize=131072
ignoring duplicate directory "/usr/include/x86_64-linux-gnu/c++/9"
ignoring nonexistent directory "/usr/local/include/x86_64-linux-gnu"
ignoring nonexistent directory "/usr/lib/gcc/x86_64-linux-gnu/9/include-fixed"
ignoring nonexistent directory "/usr/lib/gcc/x86_64-linux-gnu/9/../../../../x86_64-linux-gnu/include"
#include "..." search starts here:
#include <...> search starts here:
 /usr/include/c++/9
 /usr/include/x86_64-linux-gnu/c++/9
 /usr/include/c++/9/backward
 /usr/lib/gcc/x86_64-linux-gnu/9/include
 /usr/local/include
 /usr/include/x86_64-linux-gnu
 /usr/include
End of search list.
GNU C++14 (Ubuntu 9.3.0-10ubuntu2) version 9.3.0 (x86_64-linux-gnu)
	compiled by GNU C version 9.3.0, GMP version 6.2.0, MPFR version 4.0.2, MPC version 1.1.0, isl version isl-0.22.1-GMP

GGC heuristics: --param ggc-min-expand=100 --param ggc-min-heapsize=131072
Compiler executable checksum: a3d04a02fbd98a786d710618ca593f02
COLLECT_GCC_OPTIONS='-v' '-o' 'CMakeFiles/cmTC_beef9.dir/CMakeCXXCompilerABI.cpp.o' '-c' '-shared-libgcc' '-mtune=generic' '-march=x86-64'
 as -v --64 -o CMakeFiles/cmTC_beef9.dir/CMakeCXXCompilerABI.cpp.o /tmp/cc2eZyLc.s
GNU assembler version 2.34 (x86_64-linux-gnu) using BFD version (GNU Binutils for Ubuntu) 2.34
COMPILER_PATH=/usr/lib/gcc/x86_64-linux-gnu/9/:/usr/lib/gcc/x86_64-linux-gnu/9/:/usr/lib/gcc/x86_64-linux-gnu/:/usr/lib/gcc/x86_64-linux-gnu/9/:/usr/lib/gcc/x86_64-linux-gnu/
LIBRARY_PATH=/usr/lib/gcc/x86_64-linux-gnu/9/:/usr/lib/gcc/x86_64-linux-gnu/9/../../../x86_64-linux-gnu/:/usr/lib/gcc/x86_64-linux-gnu/9/../../../../lib/:/lib/x86_64-linux-gnu/:/lib/../lib/:/usr/lib/x86_64-linux-gnu/:/usr/lib/../lib/:/usr/lib/gcc/x86_64-linux-gnu/9/../../../:/lib/:/usr/lib/
COLLECT_GCC_OPTIONS='-v' '-o' 'CMakeFiles/cmTC_beef9.dir/CMakeCXXCompilerABI.cpp.o' '-c' '-shared-libgcc' '-mtune=generic' '-march=x86-64'
Linking CXX executable cmTC_beef9
/usr/bin/cmake -E cmake_link_script CMakeFiles/cmTC_beef9.dir/link.txt --verbose=1
/usr/bin/c++      -v -rdynamic CMakeFiles/cmTC_beef9.dir/CMakeCXXCompilerABI.cpp.o  -o cmTC_beef9 
Using built-in specs.
COLLECT_GCC=/usr/bin/c++
COLLECT_LTO_WRAPPER=/usr/lib/gcc/x86_64-linux-gnu/9/lto-wrapper
OFFLOAD_TARGET_NAMES=nvptx-none:hsa
OFFLOAD_TARGET_DEFAULT=1
Target: x86_64-linux-gnu
Configured with: ../src/configure -v --with-pkgversion='Ubuntu 9.3.0-10ubuntu2' --with-bugurl=file:///usr/share/doc/gcc-9/README.Bugs --enable-languages=c,ada,c++,go,brig,d,fortran,objc,obj-c++,gm2 --prefix=/usr --with-gcc-major-version-only --program-suffix=-9 --program-prefix=x86_64-linux-gnu- --enable-shared --enable-linker-build-id --libexecdir=/usr/lib --without-included-gettext --enable-threads=posix --libdir=/usr/lib --enable-nls --enable-clocale=gnu --enable-libstdcxx-debug --enable-libstdcxx-time=yes --with-default-libstdcxx-abi=new --enable-gnu-unique-object --disable-vtable-verify --enable-plugin --enable-default-pie --with-system-zlib --with-target-system-zlib=auto --enable-objc-gc=auto --enable-multiarch --disable-werror --with-arch-32=i686 --with-abi=m64 --with-multilib-list=m32,m64,mx32 --enable-multilib --with-tune=generic --enable-offload-targets=nvptx-none,hsa --without-cuda-driver --enable-checking=release --build=x86_64-linux-gnu --host=x86_64-linux-gnu --target=x86_64-linux-gnu
Thread model: posix
gcc version 9.3.0 (Ubuntu 9.3.0-10ubuntu2) 
COMPILER_PATH=/usr/lib/gcc/x86_64-linux-gnu/9/:/usr/lib/gcc/x86_64-linux-gnu/9/:/usr/lib/gcc/x86_64-linux-gnu/:/usr/lib/gcc/x86_64-linux-gnu/9/:/usr/lib/gcc/x86_64-linux-gnu/
LIBRARY_PATH=/usr/lib/gcc/x86_64-linux-gnu/9/:/usr/lib/gcc/x86_64-linux-gnu/9/../../../x86_64-linux-gnu/:/usr/lib/gcc/x86_64-linux-gnu/9/../../../../lib/:/lib/x86_64-linux-gnu/:/lib/../lib/:/usr/lib/x86_64-linux-gnu/:/usr/lib/../lib/:/usr/lib/gcc/x86_64-linux-gnu/9/../../../:/lib/:/usr/lib/
COLLECT_GCC_OPTIONS='-v' '-rdynamic' '-o' 'cmTC_beef9' '-shared-libgcc' '-mtune=generic' '-march=x86-64'
 /usr/lib/gcc/x86_64-linux-gnu/9/collect2 -plugin /usr/lib/gcc/x86_64-linux-gnu/9/liblto_plugin.so -plugin-opt=/usr/lib/gcc/x86_64-linux-gnu/9/lto-wrapper -plugin-opt=-fresolution=/tmp/cc6L86tF.res -plugin-opt=-pass-through=-lgcc_s -plugin-opt=-pass-through=-lgcc -plugin-opt=-pass-through=-lc -plugin-opt=-pass-through=-lgcc_s -plugin-opt=-pass-through=-lgcc --build-id --eh-frame-hdr -m elf_x86_64 --hash-style=gnu --as-needed -export-dynamic -dynamic-linker /lib64/ld-linux-x86-64.so.2 -pie -z now -z relro -o cmTC_beef9 /usr/lib/gcc/x86_64-linux-gnu/9/../../../x86_64-linux-gnu/Scrt1.o /usr/lib/gcc/x86_64-linux-gnu/9/../../../x86_64-linux-gnu/crti.o /usr/lib/gcc/x86_64-linux-gnu/9/crtbeginS.o -L/usr/lib/gcc/x86_64-linux-gnu/9 -L/usr/lib/gcc/x86_64-linux-gnu/9/../../../x86_64-linux-gnu -L/usr/lib/gcc/x86_64-linux-gnu/9/../../../../lib -L/lib/x86_64-linux-gnu -L/lib/../lib -L/usr/lib/x86_64-linux-gnu -L/usr/lib/../lib -L/usr/lib/gcc/x86_64-linux-gnu/9/../../.. CMakeFiles/cmTC_beef9.dir/CMakeCXXCompilerABI.cpp.o -lstdc++ -lm -lgcc_s -lgcc -lc -lgcc_s -lgcc /usr/lib/gcc/x86_64-linux-gnu/9/crtendS.o /usr/lib/gcc/x86_64-linux-gnu/9/../../../x86_64-linux-gnu/crtn.o
COLLECT_GCC_OPTIONS='-v' '-rdynamic' '-o' 'cmTC_beef9' '-shared-libgcc' '-mtune=generic' '-march=x86-64'
make[1]: warning:  Clock skew detected.  Your build may be incomplete.
make[1]: Leaving directory '/mnt/c/Users/tackw/Code/easybody/CMakeFiles/CMakeTmp'
make: warning:  Clock skew detected.  Your build may be incomplete.


Cannot copy output executable
  '/home/tackwin/Code/easybody/CMakeFiles/CMakeTmp/cmTC_beef9'
to destination specified by COPY_FILE:
  '/home/tackwin/Code/easybody/CMakeFiles/3.16.3/CMakeDetermineCompilerABI_CXX.bin'


Detecting C compiler ABI info failed to compile with the following output:
Change Dir: /home/tackwin/Code/easybody/CMakeFiles/CMakeTmp

Run Build Command(s):/usr/bin/make cmTC_900c3/fast && make: Warning: File 'Makefile' has modification time 0.68 s in the future
/usr/bin/make -f CMakeFiles/cmTC_900c3.dir/build.make CMakeFiles/cmTC_900c3.dir/build
make[1]: Entering directory '/mnt/c/Users/tackw/Code/easybody/CMakeFiles/CMakeTmp'
make[1]: Warning: File 'CMakeFiles/cmTC_900c3.dir/flags.make' has modification time 0.62 s in the future
Building C object CMakeFiles/cmTC_900c3.dir/CMakeCCompilerABI.c.o
/usr/bin/cc   -v -o CMakeFiles/cmTC_900c3.dir/CMakeCCompilerABI.c.o   -c /usr/share/cmake-3.16/Modules/CMakeCCompilerABI.c
Using built-in specs.
COLLECT_GCC=/usr/bin/cc
OFFLOAD_TARGET_NAMES=nvptx-none:hsa
OFFLOAD_TARGET_DEFAULT=1
Target: x86_64-linux-gnu
Configured with: ../src/configure -v --with-pkgversion='Ubuntu 9.3.0-10ubuntu2' --with-bugurl=file:///usr/share/doc/gcc-9/README.Bugs --enable-languages=c,ada,c++,go,brig,d,fortran,objc,obj-c++,gm2 --prefix=/usr --with-gcc-major-version-only --program-suffix=-9 --program-prefix=x86_64-linux-gnu- --enable-shared --enable-linker-build-id --libexecdir=/usr/lib --without-included-gettext --enable-threads=posix --libdir=/usr/lib --enable-nls --enable-clocale=gnu --enable-libstdcxx-debug --enable-libstdcxx-time=yes --with-default-libstdcxx-abi=new --enable-gnu-unique-object --disable-vtable-verify --enable-plugin --enable-default-pie --with-system-zlib --with-target-system-zlib=auto --enable-objc-gc=auto --enable-multiarch --disable-werror --with-arch-32=i686 --with-abi=m64 --with-multilib-list=m32,m64,mx32 --enable-multilib --with-tune=generic --enable-offload-targets=nvptx-none,hsa --without-cuda-driver --enable-checking=release --build=x86_64-linux-gnu --host=x86_64-linux-gnu --target=x86_64-linux-gnu
Thread model: posix
gcc version 9.3.0 (Ubuntu 9.3.0-10ubuntu2) 
COLLECT_GCC_OPTIONS='-v' '-o' 'CMakeFiles/cmTC_900c3.dir/CMakeCCompilerABI.c.o' '-c' '-mtune=generic' '-march=x86-64'
 /usr/lib/gcc/x86_64-linux-gnu/9/cc1 -quiet -v -imultiarch x86_64-linux-gnu /usr/share/cmake-3.16/Modules/CMakeCCompilerABI.c -quiet -dumpbase CMakeCCompilerABI.c -mtune=generic -march=x86-64 -auxbase-strip CMakeFiles/cmTC_900c3.dir/CMakeCCompilerABI.c.o -version -fasynchronous-unwind-tables -fstack-protector-strong -Wformat -Wformat-security -fstack-clash-protection -fcf-protection -o /tmp/ccwsEL70.s
GNU C17 (Ubuntu 9.3.0-10ubuntu2) version 9.3.0 (x86_64-linux-gnu)
	compiled by GNU C version 9.3.0, GMP version 6.2.0, MPFR version 4.0.2, MPC version 1.1.0, isl version isl-0.22.1-GMP

GGC heuristics: --param ggc-min-expand=100 --param ggc-min-heapsize=131072
ignoring nonexistent directory "/usr/local/include/x86_64-linux-gnu"
ignoring nonexistent directory "/usr/lib/gcc/x86_64-linux-gnu/9/include-fixed"
ignoring nonexistent directory "/usr/lib/gcc/x86_64-linux-gnu/9/../../../../x86_64-linux-gnu/include"
#include "..." search starts here:
#include <...> search starts here:
 /usr/lib/gcc/x86_64-linux-gnu/9/include
 /usr/local/include
 /usr/include/x86_64-linux-gnu
 /usr/include
End of search list.
GNU C17 (Ubuntu 9.3.0-10ubuntu2) version 9.3.0 (x86_64-linux-gnu)
	compiled by GNU C version 9.3.0, GMP version 6.2.0, MPFR version 4.0.2, MPC version 1.1.0, isl version isl-0.22.1-GMP

GGC heuristics: --param ggc-min-expand=100 --param ggc-min-heapsize=131072
Compiler executable checksum: 18dc4c39b54390aa2b5013fb4339d43f
COLLECT_GCC_OPTIONS='-v' '-o' 'CMakeFiles/cmTC_900c3.dir/CMakeCCompilerABI.c.o' '-c' '-mtune=generic' '-march=x86-64'
 as -v --64 -o CMakeFiles/cmTC_900c3.dir/CMakeCCompilerABI.c.o /tmp/ccwsEL70.s
GNU assembler version 2.34 (x86_64-linux-gnu) using BFD version (GNU Binutils for Ubuntu) 2.34
COMPILER_PATH=/usr/lib/gcc/x86_64-linux-gnu/9/:/usr/lib/gcc/x86_64-linux-gnu/9/:/usr/lib/gcc/x86_64-linux-gnu/:/usr/lib/gcc/x86_64-linux-gnu/9/:/usr/lib/gcc/x86_64-linux-gnu/
LIBRARY_PATH=/usr/lib/gcc/x86_64-linux-gnu/9/:/usr/lib/gcc/x86_64-linux-gnu/9/../../../x86_64-linux-gnu/:/usr/lib/gcc/x86_64-linux-gnu/9/../../../../lib/:/lib/x86_64-linux-gnu/:/lib/../lib/:/usr/lib/x86_64-linux-gnu/:/usr/lib/../lib/:/usr/lib/gcc/x86_64-linux-gnu/9/../../../:/lib/:/usr/lib/
COLLECT_GCC_OPTIONS='-v' '-o' 'CMakeFiles/cmTC_900c3.dir/CMakeCCompilerABI.c.o' '-c' '-mtune=generic' '-march=x86-64'
Linking C executable cmTC_900c3
/usr/bin/cmake -E cmake_link_script CMakeFiles/cmTC_900c3.dir/link.txt --verbose=1
/usr/bin/cc     -v CMakeFiles/cmTC_900c3.dir/CMakeCCompilerABI.c.o  -o cmTC_900c3 
Using built-in specs.
COLLECT_GCC=/usr/bin/cc
COLLECT_LTO_WRAPPER=/usr/lib/gcc/x86_64-linux-gnu/9/lto-wrapper
OFFLOAD_TARGET_NAMES=nvptx-none:hsa
OFFLOAD_TARGET_DEFAULT=1
Target: x86_64-linux-gnu
Configured with: ../src/configure -v --with-pkgversion='Ubuntu 9.3.0-10ubuntu2' --with-bugurl=file:///usr/share/doc/gcc-9/README.Bugs --enable-languages=c,ada,c++,go,brig,d,fortran,objc,obj-c++,gm2 --prefix=/usr --with-gcc-major-version-only --program-suffix=-9 --program-prefix=x86_64-linux-gnu- --enable-shared --enable-linker-build-id --libexecdir=/usr/lib --without-included-gettext --enable-threads=posix --libdir=/usr/lib --enable-nls --enable-clocale=gnu --enable-libstdcxx-debug --enable-libstdcxx-time=yes --with-default-libstdcxx-abi=new --enable-gnu-unique-object --disable-vtable-verify --enable-plugin --enable-default-pie --with-system-zlib --with-target-system-zlib=auto --enable-objc-gc=auto --enable-multiarch --disable-werror --with-arch-32=i686 --with-abi=m64 --with-multilib-list=m32,m64,mx32 --enable-multilib --with-tune=generic --enable-offload-targets=nvptx-none,hsa --without-cuda-driver --enable-checking=release --build=x86_64-linux-gnu --host=x86_64-linux-gnu --target=x86_64-linux-gnu
Thread model: posix
gcc version 9.3.0 (Ubuntu 9.3.0-10ubuntu2) 
COMPILER_PATH=/usr/lib/gcc/x86_64-linux-gnu/9/:/usr/lib/gcc/x86_64-linux-gnu/9/:/usr/lib/gcc/x86_64-linux-gnu/:/usr/lib/gcc/x86_64-linux-gnu/9/:/usr/lib/gcc/x86_64-linux-gnu/
LIBRARY_PATH=/usr/lib/gcc/x86_64-linux-gnu/9/:/usr/lib/gcc/x86_64-linux-gnu/9/../../../x86_64-linux-gnu/:/usr/lib/gcc/x86_64-linux-gnu/9/../../../../lib/:/lib/x86_64-linux-gnu/:/lib/../lib/:/usr/lib/x86_64-linux-gnu/:/usr/lib/../lib/:/usr/lib/gcc/x86_64-linux-gnu/9/../../../:/lib/:/usr/lib/
COLLECT_GCC_OPTIONS='-v' '-o' 'cmTC_900c3' '-mtune=generic' '-march=x86-64'
 /usr/lib/gcc/x86_64-linux-gnu/9/collect2 -plugin /usr/lib/gcc/x86_64-linux-gnu/9/liblto_plugin.so -plugin-opt=/usr/lib/gcc/x86_64-linux-gnu/9/lto-wrapper -plugin-opt=-fresolution=/tmp/ccYm644v.res -plugin-opt=-pass-through=-lgcc -plugin-opt=-pass-through=-lgcc_s -plugin-opt=-pass-through=-lc -plugin-opt=-pass-through=-lgcc -plugin-opt=-pass-through=-lgcc_s --build-id --eh-frame-hdr -m elf_x86_64 --hash-style=gnu --as-needed -dynamic-linker /lib64/ld-linux-x86-64.so.2 -pie -z now -z relro -o cmTC_900c3 /usr/lib/gcc/x86_64-linux-gnu/9/../../../x86_64-linux-gnu/Scrt1.o /usr/lib/gcc/x86_64-linux-gnu/9/../../../x86_64-linux-gnu/crti.o /usr/lib/gcc/x86_64-linux-gnu/9/crtbeginS.o -L/usr/lib/gcc/x86_64-linux-gnu/9 -L/usr/lib/gcc/x86_64-linux-gnu/9/../../../x86_64-linux-gnu -L/usr/lib/gcc/x86_64-linux-gnu/9/../../../../lib -L/lib/x86_64-linux-gnu -L/lib/../lib -L/usr/lib/x86_64-linux-gnu -L/usr/lib/../lib -L/usr/lib/gcc/x86_64-linux-gnu/9/../../.. CMakeFiles/cmTC_900c3.dir/CMakeCCompilerABI.c.o -lgcc --push-state --as-needed -lgcc_s --pop-state -lc -lgcc --push-state --as-needed -lgcc_s --pop-state /usr/lib/gcc/x86_64-linux-gnu/9/crtendS.o /usr/lib/gcc/x86_64-linux-gnu/9/../../../x86_64-linux-gnu/crtn.o
COLLECT_GCC_OPTIONS='-v' '-o' 'cmTC_900c3' '-mtune=generic' '-march=x86-64'
make[1]: warning:  Clock skew detected.  Your build may be incomplete.
make[1]: Leaving directory '/mnt/c/Users/tackw/Code/easybody/CMakeFiles/CMakeTmp'
make: warning:  Clock skew detected.  Your build may be incomplete.


Cannot copy output executable
  '/home/tackwin/Code/easybody/CMakeFiles/CMakeTmp/cmTC_900c3'
to destination specified by COPY_FILE:
  '/home/tackwin/Code/easybody/CMakeFiles/3.16.3/CMakeDetermineCompilerABI_C.bin'


Detecting CXX compiler ABI info failed to compile with the following output:
Change Dir: /home/tackwin/Code/easybody/CMakeFiles/CMakeTmp

Run Build Command(s):/usr/bin/make cmTC_dd6af/fast && make: Warning: File 'Makefile' has modification time 0.55 s in the future
/usr/bin/make -f CMakeFiles/cmTC_dd6af.dir/build.make CMakeFiles/cmTC_dd6af.dir/build
make[1]: Entering directory '/mnt/c/Users/tackw/Code/easybody/CMakeFiles/CMakeTmp'
make[1]: Warning: File 'CMakeFiles/cmTC_dd6af.dir/flags.make' has modification time 0.47 s in the future
Building CXX object CMakeFiles/cmTC_dd6af.dir/CMakeCXXCompilerABI.cpp.o
/usr/bin/c++    -v -o CMakeFiles/cmTC_dd6af.dir/CMakeCXXCompilerABI.cpp.o -c /usr/share/cmake-3.16/Modules/CMakeCXXCompilerABI.cpp
Using built-in specs.
COLLECT_GCC=/usr/bin/c++
OFFLOAD_TARGET_NAMES=nvptx-none:hsa
OFFLOAD_TARGET_DEFAULT=1
Target: x86_64-linux-gnu
Configured with: ../src/configure -v --with-pkgversion='Ubuntu 9.3.0-10ubuntu2' --with-bugurl=file:///usr/share/doc/gcc-9/README.Bugs --enable-languages=c,ada,c++,go,brig,d,fortran,objc,obj-c++,gm2 --prefix=/usr --with-gcc-major-version-only --program-suffix=-9 --program-prefix=x86_64-linux-gnu- --enable-shared --enable-linker-build-id --libexecdir=/usr/lib --without-included-gettext --enable-threads=posix --libdir=/usr/lib --enable-nls --enable-clocale=gnu --enable-libstdcxx-debug --enable-libstdcxx-time=yes --with-default-libstdcxx-abi=new --enable-gnu-unique-object --disable-vtable-verify --enable-plugin --enable-default-pie --with-system-zlib --with-target-system-zlib=auto --enable-objc-gc=auto --enable-multiarch --disable-werror --with-arch-32=i686 --with-abi=m64 --with-multilib-list=m32,m64,mx32 --enable-multilib --with-tune=generic --enable-offload-targets=nvptx-none,hsa --without-cuda-driver --enable-checking=release --build=x86_64-linux-gnu --host=x86_64-linux-gnu --target=x86_64-linux-gnu
Thread model: posix
gcc version 9.3.0 (Ubuntu 9.3.0-10ubuntu2) 
COLLECT_GCC_OPTIONS='-v' '-o' 'CMakeFiles/cmTC_dd6af.dir/CMakeCXXCompilerABI.cpp.o' '-c' '-shared-libgcc' '-mtune=generic' '-march=x86-64'
 /usr/lib/gcc/x86_64-linux-gnu/9/cc1plus -quiet -v -imultiarch x86_64-linux-gnu -D_GNU_SOURCE /usr/share/cmake-3.16/Modules/CMakeCXXCompilerABI.cpp -quiet -dumpbase CMakeCXXCompilerABI.cpp -mtune=generic -march=x86-64 -auxbase-strip CMakeFiles/cmTC_dd6af.dir/CMakeCXXCompilerABI.cpp.o -version -fasynchronous-unwind-tables -fstack-protector-strong -Wformat -Wformat-security -fstack-clash-protection -fcf-protection -o /tmp/ccmy45a1.s
GNU C++14 (Ubuntu 9.3.0-10ubuntu2) version 9.3.0 (x86_64-linux-gnu)
	compiled by GNU C version 9.3.0, GMP version 6.2.0, MPFR version 4.0.2, MPC version 1.1.0, isl version isl-0.22.1-GMP

GGC heuristics: --param ggc-min-expand=100 --param ggc-min-heapsize=131072
ignoring duplicate directory "/usr/include/x86_64-linux-gnu/c++/9"
ignoring nonexistent directory "/usr/local/include/x86_64-linux-gnu"
ignoring nonexistent directory "/usr/lib/gcc/x86_64-linux-gnu/9/include-fixed"
ignoring nonexistent directory "/usr/lib/gcc/x86_64-linux-gnu/9/../../../../x86_64-linux-gnu/include"
#include "..." search starts here:
#include <...> search starts here:
 /usr/include/c++/9
 /usr/include/x86_64-linux-gnu/c++/9
 /usr/include/c++/9/backward
 /usr/lib/gcc/x86_64-linux-gnu/9/include
 /usr/local/include
 /usr/include/x86_64-linux-gnu
 /usr/include
End of search list.
GNU C++14 (Ubuntu 9.3.0-10ubuntu2) version 9.3.0 (x86_64-linux-gnu)
	compiled by GNU C version 9.3.0, GMP version 6.2.0, MPFR version 4.0.2, MPC version 1.1.0, isl version isl-0.22.1-GMP

GGC heuristics: --param ggc-min-expand=100 --param ggc-min-heapsize=131072
Compiler executable checksum: a3d04a02fbd98a786d710618ca593f02
COLLECT_GCC_OPTIONS='-v' '-o' 'CMakeFiles/cmTC_dd6af.dir/CMakeCXXCompilerABI.cpp.o' '-c' '-shared-libgcc' '-mtune=generic' '-march=x86-64'
 as -v --64 -o CMakeFiles/cmTC_dd6af.dir/CMakeCXXCompilerABI.cpp.o /tmp/ccmy45a1.s
GNU assembler version 2.34 (x86_64-linux-gnu) using BFD version (GNU Binutils for Ubuntu) 2.34
COMPILER_PATH=/usr/lib/gcc/x86_64-linux-gnu/9/:/usr/lib/gcc/x86_64-linux-gnu/9/:/usr/lib/gcc/x86_64-linux-gnu/:/usr/lib/gcc/x86_64-linux-gnu/9/:/usr/lib/gcc/x86_64-linux-gnu/
LIBRARY_PATH=/usr/lib/gcc/x86_64-linux-gnu/9/:/usr/lib/gcc/x86_64-linux-gnu/9/../../../x86_64-linux-gnu/:/usr/lib/gcc/x86_64-linux-gnu/9/../../../../lib/:/lib/x86_64-linux-gnu/:/lib/../lib/:/usr/lib/x86_64-linux-gnu/:/usr/lib/../lib/:/usr/lib/gcc/x86_64-linux-gnu/9/../../../:/lib/:/usr/lib/
COLLECT_GCC_OPTIONS='-v' '-o' 'CMakeFiles/cmTC_dd6af.dir/CMakeCXXCompilerABI.cpp.o' '-c' '-shared-libgcc' '-mtune=generic' '-march=x86-64'
Linking CXX executable cmTC_dd6af
/usr/bin/cmake -E cmake_link_script CMakeFiles/cmTC_dd6af.dir/link.txt --verbose=1
/usr/bin/c++      -v CMakeFiles/cmTC_dd6af.dir/CMakeCXXCompilerABI.cpp.o  -o cmTC_dd6af 
Using built-in specs.
COLLECT_GCC=/usr/bin/c++
COLLECT_LTO_WRAPPER=/usr/lib/gcc/x86_64-linux-gnu/9/lto-wrapper
OFFLOAD_TARGET_NAMES=nvptx-none:hsa
OFFLOAD_TARGET_DEFAULT=1
Target: x86_64-linux-gnu
Configured with: ../src/configure -v --with-pkgversion='Ubuntu 9.3.0-10ubuntu2' --with-bugurl=file:///usr/share/doc/gcc-9/README.Bugs --enable-languages=c,ada,c++,go,brig,d,fortran,objc,obj-c++,gm2 --prefix=/usr --with-gcc-major-version-only --program-suffix=-9 --program-prefix=x86_64-linux-gnu- --enable-shared --enable-linker-build-id --libexecdir=/usr/lib --without-included-gettext --enable-threads=posix --libdir=/usr/lib --enable-nls --enable-clocale=gnu --enable-libstdcxx-debug --enable-libstdcxx-time=yes --with-default-libstdcxx-abi=new --enable-gnu-unique-object --disable-vtable-verify --enable-plugin --enable-default-pie --with-system-zlib --with-target-system-zlib=auto --enable-objc-gc=auto --enable-multiarch --disable-werror --with-arch-32=i686 --with-abi=m64 --with-multilib-list=m32,m64,mx32 --enable-multilib --with-tune=generic --enable-offload-targets=nvptx-none,hsa --without-cuda-driver --enable-checking=release --build=x86_64-linux-gnu --host=x86_64-linux-gnu --target=x86_64-linux-gnu
Thread model: posix
gcc version 9.3.0 (Ubuntu 9.3.0-10ubuntu2) 
COMPILER_PATH=/usr/lib/gcc/x86_64-linux-gnu/9/:/usr/lib/gcc/x86_64-linux-gnu/9/:/usr/lib/gcc/x86_64-linux-gnu/:/usr/lib/gcc/x86_64-linux-gnu/9/:/usr/lib/gcc/x86_64-linux-gnu/
LIBRARY_PATH=/usr/lib/gcc/x86_64-linux-gnu/9/:/usr/lib/gcc/x86_64-linux-gnu/9/../../../x86_64-linux-gnu/:/usr/lib/gcc/x86_64-linux-gnu/9/../../../../lib/:/lib/x86_64-linux-gnu/:/lib/../lib/:/usr/lib/x86_64-linux-gnu/:/usr/lib/../lib/:/usr/lib/gcc/x86_64-linux-gnu/9/../../../:/lib/:/usr/lib/
COLLECT_GCC_OPTIONS='-v' '-o' 'cmTC_dd6af' '-shared-libgcc' '-mtune=generic' '-march=x86-64'
 /usr/lib/gcc/x86_64-linux-gnu/9/collect2 -plugin /usr/lib/gcc/x86_64-linux-gnu/9/liblto_plugin.so -plugin-opt=/usr/lib/gcc/x86_64-linux-gnu/9/lto-wrapper -plugin-opt=-fresolution=/tmp/cc5lEyCr.res -plugin-opt=-pass-through=-lgcc_s -plugin-opt=-pass-through=-lgcc -plugin-opt=-pass-through=-lc -plugin-opt=-pass-through=-lgcc_s -plugin-opt=-pass-through=-lgcc --build-id --eh-frame-hdr -m elf_x86_64 --hash-style=gnu --as-needed -dynamic-linker /lib64/ld-linux-x86-64.so.2 -pie -z now -z relro -o cmTC_dd6af /usr/lib/gcc/x86_64-linux-gnu/9/../../../x86_64-linux-gnu/Scrt1.o /usr/lib/gcc/x86_64-linux-gnu/9/../../../x86_64-linux-gnu/crti.o /usr/lib/gcc/x86_64-linux-gnu/9/crtbeginS.o -L/usr/lib/gcc/x86_64-linux-gnu/9 -L/usr/lib/gcc/x86_64-linux-gnu/9/../../../x86_64-linux-gnu -L/usr/lib/gcc/x86_64-linux-gnu/9/../../../../lib -L/lib/x86_64-linux-gnu -L/lib/../lib -L/usr/lib/x86_64-linux-gnu -L/usr/lib/../lib -L/usr/lib/gcc/x86_64-linux-gnu/9/../../.. CMakeFiles/cmTC_dd6af.dir/CMakeCXXCompilerABI.cpp.o -lstdc++ -lm -lgcc_s -lgcc -lc -lgcc_s -lgcc /usr/lib/gcc/x86_64-linux-gnu/9/crtendS.o /usr/lib/gcc/x86_64-linux-gnu/9/../../../x86_64-linux-gnu/crtn.o
COLLECT_GCC_OPTIONS='-v' '-o' 'cmTC_dd6af' '-shared-libgcc' '-mtune=generic' '-march=x86-64'
make[1]: warning:  Clock skew detected.  Your build may be incomplete.
make[1]: Leaving directory '/mnt/c/Users/tackw/Code/easybody/CMakeFiles/CMakeTmp'
make: warning:  Clock skew detected.  Your build may be incomplete.


Cannot copy output executable
  '/home/tackwin/Code/easybody/CMakeFiles/CMakeTmp/cmTC_dd6af'
to destination specified by COPY_FILE:
  '/home/tackwin/Code/easybody/CMakeFiles/3.16.3/CMakeDetermineCompilerABI_CXX.bin'


